<?xml version="1.0" encoding="UTF-8"?>
<!-- Generated by org.testng.reporters.JUnitXMLReporter -->
<testsuite ignored="0" hostname="Aliva" failures="0" tests="3" name="Test1" time="20.092" errors="0" timestamp="2022-08-15T15:09:47 IST">
  <testcase classname="com.ecomm.qa.testcases.LoginPageTest" name="testLogin" time="1.341"/>
  <testcase classname="com.ecomm.qa.testcases.LoginPageTest" name="validateLogo" time="0.008"/>
  <testcase classname="com.ecomm.qa.testcases.HomePageTest" name="validate" time="0.0"/>
</testsuite> <!-- Test1 -->
