<?xml version="1.0" encoding="UTF-8"?>
<testng-results ignored="0" total="3" passed="3" failed="0" skipped="0">
  <reporter-output>
  </reporter-output>
  <suite started-at="2022-08-15T15:09:27 IST" name="Suite" finished-at="2022-08-15T15:09:47 IST" duration-ms="20092">
    <groups>
    </groups>
    <test started-at="2022-08-15T15:09:27 IST" name="Test1" finished-at="2022-08-15T15:09:47 IST" duration-ms="20092">
      <class name="com.ecomm.qa.testcases.HomePageTest">
        <test-method is-config="true" signature="init()[pri:0, instance:com.ecomm.qa.testcases.HomePageTest@1a6d8329]" started-at="2022-08-15T15:09:27 IST" name="init" finished-at="2022-08-15T15:09:38 IST" duration-ms="11646" status="PASS">
          <reporter-output>
          </reporter-output>
        </test-method> <!-- init -->
        <test-method signature="validate()[pri:0, instance:com.ecomm.qa.testcases.HomePageTest@1a6d8329]" started-at="2022-08-15T15:09:46 IST" name="validate" finished-at="2022-08-15T15:09:46 IST" duration-ms="0" status="PASS">
          <reporter-output>
          </reporter-output>
        </test-method> <!-- validate -->
        <test-method is-config="true" signature="tearDown()[pri:0, instance:com.ecomm.qa.testcases.HomePageTest@1a6d8329]" started-at="2022-08-15T15:09:46 IST" name="tearDown" finished-at="2022-08-15T15:09:47 IST" duration-ms="932" status="PASS">
          <reporter-output>
          </reporter-output>
        </test-method> <!-- tearDown -->
      </class> <!-- com.ecomm.qa.testcases.HomePageTest -->
      <class name="com.ecomm.qa.testcases.LoginPageTest">
        <test-method is-config="true" signature="init()[pri:0, instance:com.ecomm.qa.testcases.LoginPageTest@13e344d]" started-at="2022-08-15T15:09:38 IST" name="init" finished-at="2022-08-15T15:09:44 IST" duration-ms="6047" status="PASS">
          <reporter-output>
          </reporter-output>
        </test-method> <!-- init -->
        <test-method signature="testLogin()[pri:0, instance:com.ecomm.qa.testcases.LoginPageTest@13e344d]" started-at="2022-08-15T15:09:44 IST" name="testLogin" finished-at="2022-08-15T15:09:46 IST" duration-ms="1341" status="PASS">
          <reporter-output>
          </reporter-output>
        </test-method> <!-- testLogin -->
        <test-method signature="validateLogo()[pri:0, instance:com.ecomm.qa.testcases.LoginPageTest@13e344d]" started-at="2022-08-15T15:09:46 IST" name="validateLogo" finished-at="2022-08-15T15:09:46 IST" duration-ms="8" status="PASS">
          <reporter-output>
          </reporter-output>
        </test-method> <!-- validateLogo -->
        <test-method is-config="true" signature="tearDown()[pri:0, instance:com.ecomm.qa.testcases.LoginPageTest@13e344d]" started-at="2022-08-15T15:09:47 IST" name="tearDown" finished-at="2022-08-15T15:09:47 IST" duration-ms="0" status="PASS">
          <reporter-output>
          </reporter-output>
        </test-method> <!-- tearDown -->
      </class> <!-- com.ecomm.qa.testcases.LoginPageTest -->
    </test> <!-- Test1 -->
  </suite> <!-- Suite -->
</testng-results>
